2025-01-14 15:36:20,312 - __main__ - INFO - User clicked to navigate to Red App
2025-01-14 15:36:23,086 - __main__ - INFO - User clicked to navigate to Red App
2025-01-14 15:37:18,371 - __main__ - INFO - User clicked to navigate to Red App
2025-01-14 15:43:36,086 - __main__ - INFO - Saved user data: {'name': 'Dennis Daniels', 'age': 40, 'image_path': 'uploads/signature 3-31-2006 6-45-10 AM-1.jpg', 'timestamp': '2025-01-14 15:43:36'}
2025-01-14 15:43:38,050 - __main__ - INFO - User clicked to navigate to Red App
2025-01-14 15:45:09,576 - __main__ - INFO - Saved user data: {'name': 'Dennis Daniels', 'age': 3, 'image_path': 'uploads/Img5884-original.jpg', 'timestamp': '2025-01-14 15:45:09'}
2025-01-14 15:45:11,274 - __main__ - INFO - User clicked to navigate to Red App
2025-01-14 15:45:26,514 - __main__ - INFO - User clicked to navigate to Red App
2025-01-14 15:46:06,918 - __main__ - INFO - Saved user data: {'name': 'a', 'age': 15, 'image_path': 'uploads/nhd20240525_114157.jpg', 'timestamp': '2025-01-14 15:46:06'}
2025-01-14 15:46:11,904 - __main__ - INFO - User clicked to navigate to Red App
2025-01-14 15:53:06,461 - __main__ - INFO - Saved user data: {'name': 'aaa', 'age': 22, 'image_path': 'uploads/passport20240329_103905.jpg', 'timestamp': '2025-01-14 15:53:06'}
2025-01-14 15:53:11,423 - __main__ - INFO - User clicked to navigate to Red App
2025-01-14 15:57:19,993 - __main__ - INFO - Saved user data: {'name': 'xcvzcxv', 'age': 34, 'image_path': 'uploads/photo_2024-12-26_15-41-27.jpg', 'timestamp': '2025-01-14 15:57:19'}
2025-01-14 15:57:30,172 - __main__ - INFO - User clicked to navigate to Red App
2025-01-14 16:00:55,347 - __main__ - INFO - Saved user data: {'name': 'a34a3qa3', 'age': 33, 'image_path': 'uploads/hindiUntitled.png', 'timestamp': '2025-01-14 16:00:55'}
2025-01-14 16:01:01,732 - __main__ - INFO - User clicked to navigate to Red App
2025-01-14 16:09:02,816 - __main__ - INFO - Saved user data: {'name': 'cat', 'age': 34, 'image_path': 'uploads/a cat.png', 'timestamp': '2025-01-14 16:09:02'}
2025-01-14 16:09:14,524 - __main__ - INFO - Saved user data: {'name': 'city', 'age': 34, 'image_path': 'uploads/two images.png', 'timestamp': '2025-01-14 16:09:14'}
2025-01-14 16:09:17,508 - __main__ - INFO - Saved user data: {'name': 'city', 'age': 34, 'image_path': 'uploads/two images.png', 'timestamp': '2025-01-14 16:09:17'}
2025-01-14 16:09:19,946 - __main__ - INFO - User clicked to navigate to Red App
